[igbokwefrancis.netlify.com/index.html]
[backblue.gif]
[fade.gif]
[index.html]
[igbokwefrancis.netlify.com/assets/img/favicon.png]
[igbokwefrancis.netlify.com/assets/img/favicon_60x60.png]
[igbokwefrancis.netlify.com/assets/img/favicon_76x76.png]
[igbokwefrancis.netlify.com/assets/img/favicon_120x120.png]
[igbokwefrancis.netlify.com/assets/img/favicon_152x152.png]
[igbokwefrancis.netlify.com/assets/plugins/bootstrap/dist/css/bootstrap.min.css]
[igbokwefrancis.netlify.com/assets/plugins/animate.css/animate.min.css]
[igbokwefrancis.netlify.com/assets/plugins/slick-carousel/slick/slick.css]
[igbokwefrancis.netlify.com/assets/css/themify-icons.css]
[igbokwefrancis.netlify.com/assets/plugins/font-awesome/css/font-awesome.min.css]
[igbokwefrancis.netlify.com/assets/css/themes/theme-navyBlue.min.css]
[igbokwefrancis.netlify.com/assets/img/home.jpg]
[igbokwefrancis.netlify.com/assets/img/coffee.png]
[igbokwefrancis.netlify.com/assets/img/docs.png]
[igbokwefrancis.netlify.com/assets/img/glasses.png]
[igbokwefrancis.netlify.com/assets/img/ipad.png]
[igbokwefrancis.netlify.com/assets/img/avatar/avatar01.html]
[igbokwefrancis.netlify.com/assets/img/service01.png]
[igbokwefrancis.netlify.com/assets/img/service02.png]
[igbokwefrancis.netlify.com/assets/img/service03.png]
[igbokwefrancis.netlify.com/assets/img/service04.png]
[igbokwefrancis.netlify.com/assets/img/avatars/avatar01.png]
[igbokwefrancis.netlify.com/assets/plugins/jquery/dist/jquery.min.js]
[igbokwefrancis.netlify.com/assets/plugins/jquery.appear/jquery.appear.js]
[igbokwefrancis.netlify.com/assets/plugins/tether/dist/js/tether.min.js]
[igbokwefrancis.netlify.com/assets/plugins/bootstrap/dist/js/bootstrap.min.js]
[igbokwefrancis.netlify.com/assets/plugins/jquery.scrollto/jquery.scrollTo.min.js]
[igbokwefrancis.netlify.com/assets/plugins/jquery.localscroll/jquery.localScroll.min.js]
[igbokwefrancis.netlify.com/assets/plugins/imagesloaded/imagesloaded.pkgd.min.js]
[igbokwefrancis.netlify.com/assets/plugins/masonry-layout/dist/masonry.pkgd.min.js]
[igbokwefrancis.netlify.com/assets/plugins/slick-carousel/slick/slick.min.js]
[igbokwefrancis.netlify.com/assets/plugins/waypoints/lib/jquery.waypoints.min.js]
[igbokwefrancis.netlify.com/assets/plugins/jquery-validation/dist/jquery.validate.min.js]
[igbokwefrancis.netlify.com/assets/plugins/typed.js/dist/typed.min.js]
[igbokwefrancis.netlify.com/assets/plugins/easy-pie-chart/dist/jquery.easypiechart.min.js]
[igbokwefrancis.netlify.com/assets/plugins/snapsvg/dist/snap.svg-min.js]
[igbokwefrancis.netlify.com/assets/plugins/isotope-layout/dist/isotope.pkgd.min.js]
[igbokwefrancis.netlify.com/assets/js/core.js]
[igbokwefrancis.netlify.com/index.html]
[igbokwefrancis.netlify.com/assets/plugins/bootstrap/dist/css/bootstrap.min.css]
[igbokwefrancis.netlify.com/assets/plugins/animate.css/animate.min.css]
[igbokwefrancis.netlify.com/assets/plugins/slick-carousel/slick/slick.css]
[igbokwefrancis.netlify.com/assets/fonts/themify9f249f24.html]
[igbokwefrancis.netlify.com/assets/fonts/themifyd41dd41d.html]
[igbokwefrancis.netlify.com/assets/fonts/themify9f24-29f24.html]
[igbokwefrancis.netlify.com/assets/fonts/themify9f24-39f24.html]
[igbokwefrancis.netlify.com/assets/css/themify-icons.css]
[igbokwefrancis.netlify.com/assets/fonts/themify9f249f24.svg]
[igbokwefrancis.netlify.com/assets/plugins/font-awesome/fonts/fontawesome-webfont3e6e3e6e.html]
[igbokwefrancis.netlify.com/assets/plugins/font-awesome/fonts/fontawesome-webfont3e6e-23e6e.html]
[igbokwefrancis.netlify.com/assets/plugins/font-awesome/fonts/fontawesome-webfontd41dd41d.html]
[igbokwefrancis.netlify.com/assets/plugins/font-awesome/fonts/fontawesome-webfont3e6e-33e6e.html]
[igbokwefrancis.netlify.com/assets/plugins/font-awesome/css/font-awesome.min.css]
[igbokwefrancis.netlify.com/assets/css/themes/theme-navyBlue.min.css]
[igbokwefrancis.netlify.com/assets/img/avatar/avatar01.html]
[igbokwefrancis.netlify.com/assets/fonts/themify9f249f24.html]
[igbokwefrancis.netlify.com/assets/fonts/themifyd41dd41d.html]
[igbokwefrancis.netlify.com/assets/fonts/themify9f24-29f24.html]
[igbokwefrancis.netlify.com/assets/fonts/themify9f24-39f24.html]
[igbokwefrancis.netlify.com/assets/fonts/themify9f249f24.svg]
[igbokwefrancis.netlify.com/assets/plugins/font-awesome/fonts/fontawesome-webfont3e6e3e6e.html]
[igbokwefrancis.netlify.com/assets/plugins/font-awesome/fonts/fontawesome-webfontd41dd41d.html]
[igbokwefrancis.netlify.com/assets/plugins/font-awesome/fonts/fontawesome-webfont3e6e-23e6e.html]
[igbokwefrancis.netlify.com/assets/plugins/font-awesome/fonts/fontawesome-webfont3e6e-33e6e.html]
[igbokwefrancis.netlify.com/assets/plugins/font-awesome/fonts/fontawesome-webfont3e6e-43e6e.html]
[igbokwefrancis.netlify.com/assets/plugins/font-awesome/fonts/fontawesome-webfont3e6e-43e6e.html]
[igbokwefrancis.netlify.com/assets/plugins/font-awesome/fonts/fontawesome-webfont3e6e3e6e.svg]
[igbokwefrancis.netlify.com/assets/plugins/font-awesome/fonts/fontawesome-webfont3e6e3e6e.svg]
